[+] Containers:
 |- [+] Container: /Game/ThirdPerson/Maps/ThirdPersonMap
 |   |- [+] ActorDescs:
 |   |   |- Guid:256904AE4348173DE4A1D4841BB6D759 BaseClass: NativeClass:/Script/Engine.StaticMeshActor Name:StaticMeshActor_UAID_2CF05D57FAE1387002_2053919627 Label:Cube5 SpatiallyLoaded:1 Bounds:IsValid=true, Min=(X=3132.500 Y=-5277.500 Z=4525.000), Max=(X=6007.500 Y=5297.500 Z=4535.000) RuntimeGrid:None EditorOnly:0 RuntimeOnly:0 HLODRelevant:1 ListedInSceneOutliner:1 IsMainWorldOnly:0
 |   |   |- Guid:2FB58999456391D349DC0F86DAC136ED BaseClass: NativeClass:/Script/Engine.SkyLight Name:SkyLight_1 Label:SkyLight SpatiallyLoaded:0 Bounds:IsValid=true, Min=(X=0.000 Y=0.000 Z=690.000), Max=(X=0.000 Y=0.000 Z=690.000) RuntimeGrid:None EditorOnly:0 RuntimeOnly:0 HLODRelevant:0 ListedInSceneOutliner:1 IsMainWorldOnly:0 FolderPath:Lighting FolderGuid:963EC3EB4002CCE9759E2EBA541A873A
 |   |   |- Guid:316CF2A6494ACA4C0E4180A87D36AB8F BaseClass: NativeClass:/Script/Engine.ExponentialHeightFog Name:ExponentialHeightFog_0 Label:ExponentialHeightFog SpatiallyLoaded:0 Bounds:IsValid=true, Min=(X=-5600.000 Y=-50.000 Z=-6850.000), Max=(X=-5600.000 Y=-50.000 Z=-6850.000) RuntimeGrid:None EditorOnly:0 RuntimeOnly:0 HLODRelevant:0 ListedInSceneOutliner:1 IsMainWorldOnly:0 FolderPath:Lighting FolderGuid:963EC3EB4002CCE9759E2EBA541A873A
 |   |   |- Guid:35D3C8C44CF84C5DA2E55DA1BB508CE2 BaseClass: NativeClass:/Script/Engine.StaticMeshActor Name:StaticMeshActor_UAID_2CF05D57FAE1387002_1207164623 Label:Cube SpatiallyLoaded:1 Bounds:IsValid=true, Min=(X=-2197.500 Y=872.500 Z=1825.000), Max=(X=-1322.500 Y=1747.500 Z=1835.000) RuntimeGrid:None EditorOnly:0 RuntimeOnly:0 HLODRelevant:1 ListedInSceneOutliner:1 IsMainWorldOnly:0
 |   |   |- Guid:3A00AA1C422CE54C0BDB60BAF471BFBB BaseClass: NativeClass:/Script/Engine.PlayerStart Name:PlayerStart_0 Label:PlayerStart SpatiallyLoaded:0 Bounds:IsValid=true, Min=(X=-1770.000 Y=1280.000 Z=2030.013), Max=(X=-1690.000 Y=1360.000 Z=2214.013) RuntimeGrid:None EditorOnly:0 RuntimeOnly:0 HLODRelevant:0 ListedInSceneOutliner:1 IsMainWorldOnly:0
 |   |   |- Guid:4458056E4BDBB577B831CCB87E6FF63A BaseClass: NativeClass:/Script/Engine.StaticMeshActor Name:StaticMeshActor_UAID_2CF05D57FAE1387002_2031459626 Label:Cube4 SpatiallyLoaded:1 Bounds:IsValid=true, Min=(X=-3177.500 Y=6232.500 Z=3735.000), Max=(X=-302.500 Y=7107.500 Z=3745.000) RuntimeGrid:None EditorOnly:0 RuntimeOnly:0 HLODRelevant:1 ListedInSceneOutliner:1 IsMainWorldOnly:0
 |   |   |- Guid:4D3BE93F4146AAAC8BBE79999D96D57F BaseClass: NativeClass:/Script/Engine.VolumetricCloud Name:VolumetricCloud_0 Label:VolumetricCloud SpatiallyLoaded:0 Bounds:IsValid=true, Min=(X=0.000 Y=0.000 Z=820.000), Max=(X=0.000 Y=0.000 Z=820.000) RuntimeGrid:None EditorOnly:0 RuntimeOnly:0 HLODRelevant:0 ListedInSceneOutliner:1 IsMainWorldOnly:0 FolderPath:Lighting FolderGuid:963EC3EB4002CCE9759E2EBA541A873A
 |   |   |- Guid:56315B894FB68ACE4C2695BFB86EADF9 BaseClass:/Game/CORREGIR/MovingPlatforms.MovingPlatforms_C NativeClass:/Script/Engine.Actor Name:MovingPlatforms_C_UAID_2CF05D57FAE13C7002_1810976337 Label:MovingPlatforms2 SpatiallyLoaded:1 Bounds:IsValid=true, Min=(X=-3835.714 Y=-7195.238 Z=1735.600), Max=(X=-1460.476 Y=-5884.762 Z=1813.000) RuntimeGrid:None EditorOnly:0 RuntimeOnly:0 HLODRelevant:0 ListedInSceneOutliner:1 IsMainWorldOnly:0
 |   |   |- Guid:6BAF4DDD444C60371492D3919DB42C97 BaseClass: NativeClass:/Script/Engine.WorldDataLayers Name:WorldDataLayers Label:WorldDataLayers SpatiallyLoaded:0 Bounds:IsValid=true, Min=(X=0.000 Y=0.000 Z=0.000), Max=(X=0.000 Y=0.000 Z=0.000) RuntimeGrid:None EditorOnly:0 RuntimeOnly:0 HLODRelevant:0 ListedInSceneOutliner:1 IsMainWorldOnly:1
 |   |   |- Guid:782AF6B8407F9F0201A4BB9C40AA1C07 BaseClass: NativeClass:/Script/Engine.StaticMeshActor Name:StaticMeshActor_UAID_2CF05D57FAE1397002_1099788804 Label:Cylinder SpatiallyLoaded:1 Bounds:IsValid=true, Min=(X=-1922.500 Y=-7882.500 Z=1810.000), Max=(X=-1497.500 Y=-7457.500 Z=1910.000) RuntimeGrid:None EditorOnly:0 RuntimeOnly:0 HLODRelevant:1 ListedInSceneOutliner:1 IsMainWorldOnly:0
 |   |   |- Guid:933425614FC3FFEA26013B89EFE4C17C BaseClass:/Game/CORREGIR/BP_Spawner.BP_Spawner_C NativeClass:/Script/Engine.Actor Name:BP_Spawner2_C_UAID_2CF05D57FAE13C7002_1431477330 Label:BP_Spawner10 SpatiallyLoaded:1 Bounds:IsValid=true, Min=(X=-2930.000 Y=-240.000 Z=1800.000), Max=(X=-2630.000 Y=60.000 Z=2100.000) RuntimeGrid:None EditorOnly:0 RuntimeOnly:0 HLODRelevant:0 ListedInSceneOutliner:1 IsMainWorldOnly:0
 |   |   |- Guid:9AC5ECB24E94F2BC441803A8E20401A2 BaseClass:/Game/CORREGIR/MovingPlatforms.MovingPlatforms_C NativeClass:/Script/Engine.Actor Name:MovingPlatforms_C_UAID_2CF05D57FAE13C7002_1727197335 Label:MovingPlatforms SpatiallyLoaded:1 Bounds:IsValid=true, Min=(X=-3845.714 Y=-3305.238 Z=1745.600), Max=(X=-1470.476 Y=-1994.762 Z=1823.000) RuntimeGrid:None EditorOnly:0 RuntimeOnly:0 HLODRelevant:0 ListedInSceneOutliner:1 IsMainWorldOnly:0
 |   |   |- Guid:AB1A5E6F40293B2DE0D31DAC98F700B8 BaseClass: NativeClass:/Script/Engine.StaticMeshActor Name:StaticMeshActor_UAID_2CF05D57FAE1387002_1901913625 Label:Cube3 SpatiallyLoaded:1 Bounds:IsValid=true, Min=(X=-3187.500 Y=-8117.500 Z=1825.000), Max=(X=-312.500 Y=-7242.500 Z=1835.000) RuntimeGrid:None EditorOnly:0 RuntimeOnly:0 HLODRelevant:1 ListedInSceneOutliner:1 IsMainWorldOnly:0
 |   |   |- Guid:B332A48D4000EF83327BB39407984AE7 BaseClass:/Game/CORREGIR/BP_Spawner2.BP_Spawner2_C NativeClass:/Script/Engine.Actor Name:BP_Spawner2_C_UAID_2CF05D57FAE13C7002_1417959329 Label:BP_Spawner9 SpatiallyLoaded:1 Bounds:IsValid=true, Min=(X=-1010.000 Y=-1450.000 Z=1800.000), Max=(X=-710.000 Y=-1150.000 Z=2100.000) RuntimeGrid:None EditorOnly:0 RuntimeOnly:0 HLODRelevant:0 ListedInSceneOutliner:1 IsMainWorldOnly:0
 |   |   |- Guid:B785ED2844B84CFB91E7F39FE661CD99 BaseClass: NativeClass:/Script/Engine.DirectionalLight Name:DirectionalLight_0 Label:DirectionalLight SpatiallyLoaded:0 Bounds:IsValid=true, Min=(X=-1048576.000 Y=-1048576.000 Z=-1048576.000), Max=(X=1048576.000 Y=1048576.000 Z=1048576.000) RuntimeGrid:None EditorOnly:0 RuntimeOnly:0 HLODRelevant:0 ListedInSceneOutliner:1 IsMainWorldOnly:0 FolderPath:Lighting FolderGuid:963EC3EB4002CCE9759E2EBA541A873A
 |   |   |- Guid:BA2336E74D064B9A15363C9E1749CB91 BaseClass:/Game/CORREGIR/BP_Spawner.BP_Spawner_C NativeClass:/Script/Engine.Actor Name:BP_Spawner2_C_UAID_2CF05D57FAE13C7002_1441606331 Label:BP_Spawner11 SpatiallyLoaded:1 Bounds:IsValid=true, Min=(X=-2920.000 Y=-1080.000 Z=1800.000), Max=(X=-2620.000 Y=-780.000 Z=2100.000) RuntimeGrid:None EditorOnly:0 RuntimeOnly:0 HLODRelevant:0 ListedInSceneOutliner:1 IsMainWorldOnly:0
 |   |   |- Guid:C7BCBAAC49EE365858E40CBEFC5EA8A7 BaseClass:/Game/CORREGIR/BP_Spawner2.BP_Spawner2_C NativeClass:/Script/Engine.Actor Name:BP_Spawner2_C_UAID_2CF05D57FAE13C7002_1405600328 Label:BP_Spawner8 SpatiallyLoaded:1 Bounds:IsValid=true, Min=(X=-1010.000 Y=-730.000 Z=1800.000), Max=(X=-710.000 Y=-430.000 Z=2100.000) RuntimeGrid:None EditorOnly:0 RuntimeOnly:0 HLODRelevant:0 ListedInSceneOutliner:1 IsMainWorldOnly:0
 |   |   |- Guid:CCFF262C46EEFFDF319E7F9539CE697E BaseClass: NativeClass:/Script/Engine.SkyAtmosphere Name:SkyAtmosphere_0 Label:SkyAtmosphere SpatiallyLoaded:0 Bounds:IsValid=true, Min=(X=0.000 Y=0.000 Z=1020.000), Max=(X=0.000 Y=0.000 Z=1020.000) RuntimeGrid:None EditorOnly:0 RuntimeOnly:0 HLODRelevant:0 ListedInSceneOutliner:1 IsMainWorldOnly:0 FolderPath:Lighting FolderGuid:963EC3EB4002CCE9759E2EBA541A873A
 |   |   |- Guid:D409CC9D465AD4F3A08366B3DB694261 BaseClass:/Game/CORREGIR/BP_Spawner.BP_Spawner_C NativeClass:/Script/Engine.Actor Name:BP_Spawner2_C_UAID_2CF05D57FAE13C7002_1455814332 Label:BP_Spawner12 SpatiallyLoaded:1 Bounds:IsValid=true, Min=(X=-2910.000 Y=-1900.000 Z=1800.000), Max=(X=-2610.000 Y=-1600.000 Z=2100.000) RuntimeGrid:None EditorOnly:0 RuntimeOnly:0 HLODRelevant:0 ListedInSceneOutliner:1 IsMainWorldOnly:0
 |   |   |- Guid:E1FD172C4E9729003BAE49ADF3D298FB BaseClass: NativeClass:/Script/Engine.StaticMeshActor Name:StaticMeshActor_UAID_2CF05D57FAE1387002_1386253624 Label:Cube2 SpatiallyLoaded:1 Bounds:IsValid=true, Min=(X=-2512.500 Y=-2085.000 Z=1825.000), Max=(X=-1087.500 Y=665.000 Z=1835.000) RuntimeGrid:None EditorOnly:0 RuntimeOnly:0 HLODRelevant:1 ListedInSceneOutliner:1 IsMainWorldOnly:0
 |   |   |- Guid:EBABB8E946D6C6A353296BA214949DE8 BaseClass: NativeClass:/Script/Engine.StaticMeshActor Name:StaticMeshActor_UAID_2CF05D57FAE1397002_1132307805 Label:Cylinder2 SpatiallyLoaded:1 Bounds:IsValid=true, Min=(X=-1912.500 Y=6487.500 Z=3710.000), Max=(X=-1487.500 Y=6912.500 Z=3810.000) RuntimeGrid:None EditorOnly:0 RuntimeOnly:0 HLODRelevant:1 ListedInSceneOutliner:1 IsMainWorldOnly:0
 |   |   |- Guid:EBE206E4494EB77DC67377BEF28A2F88 BaseClass:/Game/CORREGIR/BP_Spawner2.BP_Spawner2_C NativeClass:/Script/Engine.Actor Name:BP_Spawner2_C_UAID_2CF05D57FAE13C7002_1370961327 Label:BP_Spawner7 SpatiallyLoaded:1 Bounds:IsValid=true, Min=(X=-970.000 Y=210.000 Z=1800.000), Max=(X=-670.000 Y=510.000 Z=2100.000) RuntimeGrid:None EditorOnly:0 RuntimeOnly:0 HLODRelevant:0 ListedInSceneOutliner:1 IsMainWorldOnly:0
 |   |   |- Guid:EC4E0C944CE6AC6E784BC6BB2916EA13 BaseClass: NativeClass:/Script/Engine.StaticMeshActor Name:StaticMeshActor_UAID_A4AE111137DC5EFB00_1110535423 Label:SM_SkySphere SpatiallyLoaded:0 Bounds:IsValid=true, Min=(X=-1638400.000 Y=-1638400.000 Z=-1638400.000), Max=(X=1638400.000 Y=1638400.000 Z=1638400.000) RuntimeGrid:None EditorOnly:0 RuntimeOnly:0 HLODRelevant:1 ListedInSceneOutliner:1 IsMainWorldOnly:0 FolderPath:Lighting FolderGuid:963EC3EB4002CCE9759E2EBA541A873A
 |   |   |- Guid:F5E3FEB3450C49844FD93DA8E083C8AD BaseClass: NativeClass:/Script/Engine.PostProcessVolume Name:PostProcessVolume_0 Label:PostProcessVolume SpatiallyLoaded:0 Bounds:IsValid=true, Min=(X=0.000 Y=0.000 Z=400.000), Max=(X=200.000 Y=200.000 Z=600.000) RuntimeGrid:None EditorOnly:0 RuntimeOnly:0 HLODRelevant:0 ListedInSceneOutliner:1 IsMainWorldOnly:0 FolderPath:Lighting FolderGuid:963EC3EB4002CCE9759E2EBA541A873A
 |   |- [+] Clusters:
 |   |   |- [+] [  0]
 |   |   |   |- Guid:256904AE4348173DE4A1D4841BB6D759 BaseClass: NativeClass:/Script/Engine.StaticMeshActor Name:StaticMeshActor_UAID_2CF05D57FAE1387002_2053919627 Label:Cube5 SpatiallyLoaded:1 Bounds:IsValid=true, Min=(X=3132.500 Y=-5277.500 Z=4525.000), Max=(X=6007.500 Y=5297.500 Z=4535.000) RuntimeGrid:None EditorOnly:0 RuntimeOnly:0 HLODRelevant:1 ListedInSceneOutliner:1 IsMainWorldOnly:0
 |   |   |- [+] [  1]
 |   |   |   |- Guid:2FB58999456391D349DC0F86DAC136ED BaseClass: NativeClass:/Script/Engine.SkyLight Name:SkyLight_1 Label:SkyLight SpatiallyLoaded:0 Bounds:IsValid=true, Min=(X=0.000 Y=0.000 Z=690.000), Max=(X=0.000 Y=0.000 Z=690.000) RuntimeGrid:None EditorOnly:0 RuntimeOnly:0 HLODRelevant:0 ListedInSceneOutliner:1 IsMainWorldOnly:0 FolderPath:Lighting FolderGuid:963EC3EB4002CCE9759E2EBA541A873A
 |   |   |- [+] [  2]
 |   |   |   |- Guid:316CF2A6494ACA4C0E4180A87D36AB8F BaseClass: NativeClass:/Script/Engine.ExponentialHeightFog Name:ExponentialHeightFog_0 Label:ExponentialHeightFog SpatiallyLoaded:0 Bounds:IsValid=true, Min=(X=-5600.000 Y=-50.000 Z=-6850.000), Max=(X=-5600.000 Y=-50.000 Z=-6850.000) RuntimeGrid:None EditorOnly:0 RuntimeOnly:0 HLODRelevant:0 ListedInSceneOutliner:1 IsMainWorldOnly:0 FolderPath:Lighting FolderGuid:963EC3EB4002CCE9759E2EBA541A873A
 |   |   |- [+] [  3]
 |   |   |   |- Guid:35D3C8C44CF84C5DA2E55DA1BB508CE2 BaseClass: NativeClass:/Script/Engine.StaticMeshActor Name:StaticMeshActor_UAID_2CF05D57FAE1387002_1207164623 Label:Cube SpatiallyLoaded:1 Bounds:IsValid=true, Min=(X=-2197.500 Y=872.500 Z=1825.000), Max=(X=-1322.500 Y=1747.500 Z=1835.000) RuntimeGrid:None EditorOnly:0 RuntimeOnly:0 HLODRelevant:1 ListedInSceneOutliner:1 IsMainWorldOnly:0
 |   |   |- [+] [  4]
 |   |   |   |- Guid:3A00AA1C422CE54C0BDB60BAF471BFBB BaseClass: NativeClass:/Script/Engine.PlayerStart Name:PlayerStart_0 Label:PlayerStart SpatiallyLoaded:0 Bounds:IsValid=true, Min=(X=-1770.000 Y=1280.000 Z=2030.013), Max=(X=-1690.000 Y=1360.000 Z=2214.013) RuntimeGrid:None EditorOnly:0 RuntimeOnly:0 HLODRelevant:0 ListedInSceneOutliner:1 IsMainWorldOnly:0
 |   |   |- [+] [  5]
 |   |   |   |- Guid:4458056E4BDBB577B831CCB87E6FF63A BaseClass: NativeClass:/Script/Engine.StaticMeshActor Name:StaticMeshActor_UAID_2CF05D57FAE1387002_2031459626 Label:Cube4 SpatiallyLoaded:1 Bounds:IsValid=true, Min=(X=-3177.500 Y=6232.500 Z=3735.000), Max=(X=-302.500 Y=7107.500 Z=3745.000) RuntimeGrid:None EditorOnly:0 RuntimeOnly:0 HLODRelevant:1 ListedInSceneOutliner:1 IsMainWorldOnly:0
 |   |   |- [+] [  6]
 |   |   |   |- Guid:4D3BE93F4146AAAC8BBE79999D96D57F BaseClass: NativeClass:/Script/Engine.VolumetricCloud Name:VolumetricCloud_0 Label:VolumetricCloud SpatiallyLoaded:0 Bounds:IsValid=true, Min=(X=0.000 Y=0.000 Z=820.000), Max=(X=0.000 Y=0.000 Z=820.000) RuntimeGrid:None EditorOnly:0 RuntimeOnly:0 HLODRelevant:0 ListedInSceneOutliner:1 IsMainWorldOnly:0 FolderPath:Lighting FolderGuid:963EC3EB4002CCE9759E2EBA541A873A
 |   |   |- [+] [  7]
 |   |   |   |- Guid:56315B894FB68ACE4C2695BFB86EADF9 BaseClass:/Game/CORREGIR/MovingPlatforms.MovingPlatforms_C NativeClass:/Script/Engine.Actor Name:MovingPlatforms_C_UAID_2CF05D57FAE13C7002_1810976337 Label:MovingPlatforms2 SpatiallyLoaded:1 Bounds:IsValid=true, Min=(X=-3835.714 Y=-7195.238 Z=1735.600), Max=(X=-1460.476 Y=-5884.762 Z=1813.000) RuntimeGrid:None EditorOnly:0 RuntimeOnly:0 HLODRelevant:0 ListedInSceneOutliner:1 IsMainWorldOnly:0
 |   |   |- [+] [  8]
 |   |   |   |- Guid:6BAF4DDD444C60371492D3919DB42C97 BaseClass: NativeClass:/Script/Engine.WorldDataLayers Name:WorldDataLayers Label:WorldDataLayers SpatiallyLoaded:0 Bounds:IsValid=true, Min=(X=0.000 Y=0.000 Z=0.000), Max=(X=0.000 Y=0.000 Z=0.000) RuntimeGrid:None EditorOnly:0 RuntimeOnly:0 HLODRelevant:0 ListedInSceneOutliner:1 IsMainWorldOnly:1
 |   |   |- [+] [  9]
 |   |   |   |- Guid:782AF6B8407F9F0201A4BB9C40AA1C07 BaseClass: NativeClass:/Script/Engine.StaticMeshActor Name:StaticMeshActor_UAID_2CF05D57FAE1397002_1099788804 Label:Cylinder SpatiallyLoaded:1 Bounds:IsValid=true, Min=(X=-1922.500 Y=-7882.500 Z=1810.000), Max=(X=-1497.500 Y=-7457.500 Z=1910.000) RuntimeGrid:None EditorOnly:0 RuntimeOnly:0 HLODRelevant:1 ListedInSceneOutliner:1 IsMainWorldOnly:0
 |   |   |- [+] [ 10]
 |   |   |   |- Guid:933425614FC3FFEA26013B89EFE4C17C BaseClass:/Game/CORREGIR/BP_Spawner.BP_Spawner_C NativeClass:/Script/Engine.Actor Name:BP_Spawner2_C_UAID_2CF05D57FAE13C7002_1431477330 Label:BP_Spawner10 SpatiallyLoaded:1 Bounds:IsValid=true, Min=(X=-2930.000 Y=-240.000 Z=1800.000), Max=(X=-2630.000 Y=60.000 Z=2100.000) RuntimeGrid:None EditorOnly:0 RuntimeOnly:0 HLODRelevant:0 ListedInSceneOutliner:1 IsMainWorldOnly:0
 |   |   |- [+] [ 11]
 |   |   |   |- Guid:9AC5ECB24E94F2BC441803A8E20401A2 BaseClass:/Game/CORREGIR/MovingPlatforms.MovingPlatforms_C NativeClass:/Script/Engine.Actor Name:MovingPlatforms_C_UAID_2CF05D57FAE13C7002_1727197335 Label:MovingPlatforms SpatiallyLoaded:1 Bounds:IsValid=true, Min=(X=-3845.714 Y=-3305.238 Z=1745.600), Max=(X=-1470.476 Y=-1994.762 Z=1823.000) RuntimeGrid:None EditorOnly:0 RuntimeOnly:0 HLODRelevant:0 ListedInSceneOutliner:1 IsMainWorldOnly:0
 |   |   |- [+] [ 12]
 |   |   |   |- Guid:AB1A5E6F40293B2DE0D31DAC98F700B8 BaseClass: NativeClass:/Script/Engine.StaticMeshActor Name:StaticMeshActor_UAID_2CF05D57FAE1387002_1901913625 Label:Cube3 SpatiallyLoaded:1 Bounds:IsValid=true, Min=(X=-3187.500 Y=-8117.500 Z=1825.000), Max=(X=-312.500 Y=-7242.500 Z=1835.000) RuntimeGrid:None EditorOnly:0 RuntimeOnly:0 HLODRelevant:1 ListedInSceneOutliner:1 IsMainWorldOnly:0
 |   |   |- [+] [ 13]
 |   |   |   |- Guid:B332A48D4000EF83327BB39407984AE7 BaseClass:/Game/CORREGIR/BP_Spawner2.BP_Spawner2_C NativeClass:/Script/Engine.Actor Name:BP_Spawner2_C_UAID_2CF05D57FAE13C7002_1417959329 Label:BP_Spawner9 SpatiallyLoaded:1 Bounds:IsValid=true, Min=(X=-1010.000 Y=-1450.000 Z=1800.000), Max=(X=-710.000 Y=-1150.000 Z=2100.000) RuntimeGrid:None EditorOnly:0 RuntimeOnly:0 HLODRelevant:0 ListedInSceneOutliner:1 IsMainWorldOnly:0
 |   |   |- [+] [ 14]
 |   |   |   |- Guid:B785ED2844B84CFB91E7F39FE661CD99 BaseClass: NativeClass:/Script/Engine.DirectionalLight Name:DirectionalLight_0 Label:DirectionalLight SpatiallyLoaded:0 Bounds:IsValid=true, Min=(X=-1048576.000 Y=-1048576.000 Z=-1048576.000), Max=(X=1048576.000 Y=1048576.000 Z=1048576.000) RuntimeGrid:None EditorOnly:0 RuntimeOnly:0 HLODRelevant:0 ListedInSceneOutliner:1 IsMainWorldOnly:0 FolderPath:Lighting FolderGuid:963EC3EB4002CCE9759E2EBA541A873A
 |   |   |- [+] [ 15]
 |   |   |   |- Guid:BA2336E74D064B9A15363C9E1749CB91 BaseClass:/Game/CORREGIR/BP_Spawner.BP_Spawner_C NativeClass:/Script/Engine.Actor Name:BP_Spawner2_C_UAID_2CF05D57FAE13C7002_1441606331 Label:BP_Spawner11 SpatiallyLoaded:1 Bounds:IsValid=true, Min=(X=-2920.000 Y=-1080.000 Z=1800.000), Max=(X=-2620.000 Y=-780.000 Z=2100.000) RuntimeGrid:None EditorOnly:0 RuntimeOnly:0 HLODRelevant:0 ListedInSceneOutliner:1 IsMainWorldOnly:0
 |   |   |- [+] [ 16]
 |   |   |   |- Guid:C7BCBAAC49EE365858E40CBEFC5EA8A7 BaseClass:/Game/CORREGIR/BP_Spawner2.BP_Spawner2_C NativeClass:/Script/Engine.Actor Name:BP_Spawner2_C_UAID_2CF05D57FAE13C7002_1405600328 Label:BP_Spawner8 SpatiallyLoaded:1 Bounds:IsValid=true, Min=(X=-1010.000 Y=-730.000 Z=1800.000), Max=(X=-710.000 Y=-430.000 Z=2100.000) RuntimeGrid:None EditorOnly:0 RuntimeOnly:0 HLODRelevant:0 ListedInSceneOutliner:1 IsMainWorldOnly:0
 |   |   |- [+] [ 17]
 |   |   |   |- Guid:CCFF262C46EEFFDF319E7F9539CE697E BaseClass: NativeClass:/Script/Engine.SkyAtmosphere Name:SkyAtmosphere_0 Label:SkyAtmosphere SpatiallyLoaded:0 Bounds:IsValid=true, Min=(X=0.000 Y=0.000 Z=1020.000), Max=(X=0.000 Y=0.000 Z=1020.000) RuntimeGrid:None EditorOnly:0 RuntimeOnly:0 HLODRelevant:0 ListedInSceneOutliner:1 IsMainWorldOnly:0 FolderPath:Lighting FolderGuid:963EC3EB4002CCE9759E2EBA541A873A
 |   |   |- [+] [ 18]
 |   |   |   |- Guid:D409CC9D465AD4F3A08366B3DB694261 BaseClass:/Game/CORREGIR/BP_Spawner.BP_Spawner_C NativeClass:/Script/Engine.Actor Name:BP_Spawner2_C_UAID_2CF05D57FAE13C7002_1455814332 Label:BP_Spawner12 SpatiallyLoaded:1 Bounds:IsValid=true, Min=(X=-2910.000 Y=-1900.000 Z=1800.000), Max=(X=-2610.000 Y=-1600.000 Z=2100.000) RuntimeGrid:None EditorOnly:0 RuntimeOnly:0 HLODRelevant:0 ListedInSceneOutliner:1 IsMainWorldOnly:0
 |   |   |- [+] [ 19]
 |   |   |   |- Guid:E1FD172C4E9729003BAE49ADF3D298FB BaseClass: NativeClass:/Script/Engine.StaticMeshActor Name:StaticMeshActor_UAID_2CF05D57FAE1387002_1386253624 Label:Cube2 SpatiallyLoaded:1 Bounds:IsValid=true, Min=(X=-2512.500 Y=-2085.000 Z=1825.000), Max=(X=-1087.500 Y=665.000 Z=1835.000) RuntimeGrid:None EditorOnly:0 RuntimeOnly:0 HLODRelevant:1 ListedInSceneOutliner:1 IsMainWorldOnly:0
 |   |   |- [+] [ 20]
 |   |   |   |- Guid:EBABB8E946D6C6A353296BA214949DE8 BaseClass: NativeClass:/Script/Engine.StaticMeshActor Name:StaticMeshActor_UAID_2CF05D57FAE1397002_1132307805 Label:Cylinder2 SpatiallyLoaded:1 Bounds:IsValid=true, Min=(X=-1912.500 Y=6487.500 Z=3710.000), Max=(X=-1487.500 Y=6912.500 Z=3810.000) RuntimeGrid:None EditorOnly:0 RuntimeOnly:0 HLODRelevant:1 ListedInSceneOutliner:1 IsMainWorldOnly:0
 |   |   |- [+] [ 21]
 |   |   |   |- Guid:EBE206E4494EB77DC67377BEF28A2F88 BaseClass:/Game/CORREGIR/BP_Spawner2.BP_Spawner2_C NativeClass:/Script/Engine.Actor Name:BP_Spawner2_C_UAID_2CF05D57FAE13C7002_1370961327 Label:BP_Spawner7 SpatiallyLoaded:1 Bounds:IsValid=true, Min=(X=-970.000 Y=210.000 Z=1800.000), Max=(X=-670.000 Y=510.000 Z=2100.000) RuntimeGrid:None EditorOnly:0 RuntimeOnly:0 HLODRelevant:0 ListedInSceneOutliner:1 IsMainWorldOnly:0
 |   |   |- [+] [ 22]
 |   |   |   |- Guid:EC4E0C944CE6AC6E784BC6BB2916EA13 BaseClass: NativeClass:/Script/Engine.StaticMeshActor Name:StaticMeshActor_UAID_A4AE111137DC5EFB00_1110535423 Label:SM_SkySphere SpatiallyLoaded:0 Bounds:IsValid=true, Min=(X=-1638400.000 Y=-1638400.000 Z=-1638400.000), Max=(X=1638400.000 Y=1638400.000 Z=1638400.000) RuntimeGrid:None EditorOnly:0 RuntimeOnly:0 HLODRelevant:1 ListedInSceneOutliner:1 IsMainWorldOnly:0 FolderPath:Lighting FolderGuid:963EC3EB4002CCE9759E2EBA541A873A
 |   |   |- [+] [ 23]
 |   |   |   |- Guid:F5E3FEB3450C49844FD93DA8E083C8AD BaseClass: NativeClass:/Script/Engine.PostProcessVolume Name:PostProcessVolume_0 Label:PostProcessVolume SpatiallyLoaded:0 Bounds:IsValid=true, Min=(X=0.000 Y=0.000 Z=400.000), Max=(X=200.000 Y=200.000 Z=600.000) RuntimeGrid:None EditorOnly:0 RuntimeOnly:0 HLODRelevant:0 ListedInSceneOutliner:1 IsMainWorldOnly:0 FolderPath:Lighting FolderGuid:963EC3EB4002CCE9759E2EBA541A873A
 |- ContainerInstances:
 |- [+] MainContainer:
 |   |-        ID: 00000000000000000000000000000000
 |   |-  ParentID: 00000000000000000000000000000000
 |   |-    Bounds: IsValid=false, Min=(X=0.000 Y=0.000 Z=0.000), Max=(X=0.000 Y=0.000 Z=0.000)
 |   |- Transform: 0.000000,0.000000,0.000000|0.000000,0.000000,-0.000000|1.000000,1.000000,1.000000
 |   |- Container: /Game/ThirdPerson/Maps/ThirdPersonMap
----------------------------------------------------------------------------------------------------------------
ThirdPersonMap - Persistent Level
----------------------------------------------------------------------------------------------------------------
[+] Content of ThirdPersonMap Persistent Level
 |- Always loaded Actor Count: 24 
 |- Actor Path: /Game/ThirdPerson/Maps/ThirdPersonMap.ThirdPersonMap:PersistentLevel.BP_Spawner2_C_UAID_2CF05D57FAE13C7002_1370961327
 |- Actor Package: /Game/__ExternalActors__/ThirdPerson/Maps/ThirdPersonMap/1/6K/NZD8XO63TH41M4T7SFH27T
 |- Actor Path: /Game/ThirdPerson/Maps/ThirdPersonMap.ThirdPersonMap:PersistentLevel.BP_Spawner2_C_UAID_2CF05D57FAE13C7002_1405600328
 |- Actor Package: /Game/__ExternalActors__/ThirdPerson/Maps/ThirdPersonMap/1/38/636PD3LCEQJRZKQ1T2WXVK
 |- Actor Path: /Game/ThirdPerson/Maps/ThirdPersonMap.ThirdPersonMap:PersistentLevel.BP_Spawner2_C_UAID_2CF05D57FAE13C7002_1417959329
 |- Actor Package: /Game/__ExternalActors__/ThirdPerson/Maps/ThirdPersonMap/0/UV/0JFKM9K4PS5NO2U1LHO858
 |- Actor Path: /Game/ThirdPerson/Maps/ThirdPersonMap.ThirdPersonMap:PersistentLevel.BP_Spawner2_C_UAID_2CF05D57FAE13C7002_1431477330
 |- Actor Package: /Game/__ExternalActors__/ThirdPerson/Maps/ThirdPersonMap/D/SZ/0PGVIB1BOO2A61ID4XPHH3
 |- Actor Path: /Game/ThirdPerson/Maps/ThirdPersonMap.ThirdPersonMap:PersistentLevel.BP_Spawner2_C_UAID_2CF05D57FAE13C7002_1441606331
 |- Actor Package: /Game/__ExternalActors__/ThirdPerson/Maps/ThirdPersonMap/0/NN/I61CEV6L6VNI89CDY7NW6I
 |- Actor Path: /Game/ThirdPerson/Maps/ThirdPersonMap.ThirdPersonMap:PersistentLevel.BP_Spawner2_C_UAID_2CF05D57FAE13C7002_1455814332
 |- Actor Package: /Game/__ExternalActors__/ThirdPerson/Maps/ThirdPersonMap/7/YL/GRPVZHY61HZ7KXODCK5GFF
 |- Actor Path: /Game/ThirdPerson/Maps/ThirdPersonMap.ThirdPersonMap:PersistentLevel.DirectionalLight_0
 |- Actor Package: /Game/__ExternalActors__/ThirdPerson/Maps/ThirdPersonMap/5/R1/TS5OQ5CRUWFZYL1ZQ7I416
 |- Actor Path: /Game/ThirdPerson/Maps/ThirdPersonMap.ThirdPersonMap:PersistentLevel.ExponentialHeightFog_0
 |- Actor Package: /Game/__ExternalActors__/ThirdPerson/Maps/ThirdPersonMap/6/J7/N10XDC9G27EMLS5AGZ6AVV
 |- Actor Path: /Game/ThirdPerson/Maps/ThirdPersonMap.ThirdPersonMap:PersistentLevel.MovingPlatforms_C_UAID_2CF05D57FAE13C7002_1727197335
 |- Actor Package: /Game/__ExternalActors__/ThirdPerson/Maps/ThirdPersonMap/C/0Y/KYDGSVM27PW3LRKOICR094
 |- Actor Path: /Game/ThirdPerson/Maps/ThirdPersonMap.ThirdPersonMap:PersistentLevel.MovingPlatforms_C_UAID_2CF05D57FAE13C7002_1810976337
 |- Actor Package: /Game/__ExternalActors__/ThirdPerson/Maps/ThirdPersonMap/0/1S/KESRSKLLUR5OCL6CWQQ426
 |- Actor Path: /Game/ThirdPerson/Maps/ThirdPersonMap.ThirdPersonMap:PersistentLevel.PlayerStart_0
 |- Actor Package: /Game/__ExternalActors__/ThirdPerson/Maps/ThirdPersonMap/D/DE/SWSI13675DVYIZ0N4NF7Y3
 |- Actor Path: /Game/ThirdPerson/Maps/ThirdPersonMap.ThirdPersonMap:PersistentLevel.PostProcessVolume_0
 |- Actor Package: /Game/__ExternalActors__/ThirdPerson/Maps/ThirdPersonMap/1/AZ/A7GPT109Y6ZTTJD4A7TXER
 |- Actor Path: /Game/ThirdPerson/Maps/ThirdPersonMap.ThirdPersonMap:PersistentLevel.SkyAtmosphere_0
 |- Actor Package: /Game/__ExternalActors__/ThirdPerson/Maps/ThirdPersonMap/4/LN/30UBDLYFFA5ZR7U4W4L4GG
 |- Actor Path: /Game/ThirdPerson/Maps/ThirdPersonMap.ThirdPersonMap:PersistentLevel.SkyLight_1
 |- Actor Package: /Game/__ExternalActors__/ThirdPerson/Maps/ThirdPersonMap/8/S1/DXUWD12MD3HRWVVXX076BY
 |- Actor Path: /Game/ThirdPerson/Maps/ThirdPersonMap.ThirdPersonMap:PersistentLevel.StaticMeshActor_UAID_2CF05D57FAE1387002_1207164623
 |- Actor Package: /Game/__ExternalActors__/ThirdPerson/Maps/ThirdPersonMap/2/9Z/NPUMEX2OWIGTDYL96FXMW3
 |- Actor Path: /Game/ThirdPerson/Maps/ThirdPersonMap.ThirdPersonMap:PersistentLevel.StaticMeshActor_UAID_2CF05D57FAE1387002_1386253624
 |- Actor Package: /Game/__ExternalActors__/ThirdPerson/Maps/ThirdPersonMap/4/8W/20BRDLRQTRH72WGTSBZ8US
 |- Actor Path: /Game/ThirdPerson/Maps/ThirdPersonMap.ThirdPersonMap:PersistentLevel.StaticMeshActor_UAID_2CF05D57FAE1387002_1901913625
 |- Actor Package: /Game/__ExternalActors__/ThirdPerson/Maps/ThirdPersonMap/1/EI/JNWQIJB6MU39X4UXH3DQYA
 |- Actor Path: /Game/ThirdPerson/Maps/ThirdPersonMap.ThirdPersonMap:PersistentLevel.StaticMeshActor_UAID_2CF05D57FAE1387002_2031459626
 |- Actor Package: /Game/__ExternalActors__/ThirdPerson/Maps/ThirdPersonMap/3/RG/P4HYY1SI7HB9QEDT0YKTHV
 |- Actor Path: /Game/ThirdPerson/Maps/ThirdPersonMap.ThirdPersonMap:PersistentLevel.StaticMeshActor_UAID_2CF05D57FAE1387002_2053919627
 |- Actor Package: /Game/__ExternalActors__/ThirdPerson/Maps/ThirdPersonMap/9/0D/YPQVI3JFREMBSCJ830W95N
 |- Actor Path: /Game/ThirdPerson/Maps/ThirdPersonMap.ThirdPersonMap:PersistentLevel.StaticMeshActor_UAID_2CF05D57FAE1397002_1099788804
 |- Actor Package: /Game/__ExternalActors__/ThirdPerson/Maps/ThirdPersonMap/4/H0/EIJ7YHCVQP6Y91IH0VIRL8
 |- Actor Path: /Game/ThirdPerson/Maps/ThirdPersonMap.ThirdPersonMap:PersistentLevel.StaticMeshActor_UAID_2CF05D57FAE1397002_1132307805
 |- Actor Package: /Game/__ExternalActors__/ThirdPerson/Maps/ThirdPersonMap/D/NA/EN67CUH9GEQ8ZJA2JFU99U
 |- Actor Path: /Game/ThirdPerson/Maps/ThirdPersonMap.ThirdPersonMap:PersistentLevel.StaticMeshActor_UAID_A4AE111137DC5EFB00_1110535423
 |- Actor Package: /Game/__ExternalActors__/ThirdPerson/Maps/ThirdPersonMap/4/PN/2QISIGK5DJNQ05US8O8FXW
 |- Actor Path: /Game/ThirdPerson/Maps/ThirdPersonMap.ThirdPersonMap:PersistentLevel.VolumetricCloud_0
 |- Actor Package: /Game/__ExternalActors__/ThirdPerson/Maps/ThirdPersonMap/3/EY/87SHEJN5UBEAN2K5OV1G6R
 |- Actor Path: /Game/ThirdPerson/Maps/ThirdPersonMap.ThirdPersonMap:PersistentLevel.WorldDataLayers
 |- Actor Package: /Game/__ExternalActors__/ThirdPerson/Maps/ThirdPersonMap/0/43/HYQWORMY4JDQ5X3OKZXFLC

----------------------------------------------------------------------------------------------------------------
ThirdPersonMap - Runtime Hash Set
----------------------------------------------------------------------------------------------------------------

